<?xml version="1.0" encoding="UTF-8"?>
<!-- Generated by org.testng.reporters.JUnitXMLReporter -->
<testsuite hostname="Digisol" ignored="0" name="Test" tests="5" failures="0" timestamp="2023-05-03T23:46:13 IST" time="0.191" errors="0">
  <testcase name="create" time="0.024" classname="com.practicePackage.CreateTest"/>
  <testcase name="login" time="0.004" classname="com.practicePackage.CreateTest"/>
  <testcase name="deleteTest" time="0.004" classname="com.practicePackage.DeleteTest"/>
  <testcase name="logout" time="0.004" classname="com.practicePackage.Update"/>
  <testcase name="updateTest" time="0.004" classname="com.practicePackage.Update"/>
</testsuite> <!-- Test -->
