<?xml version="1.0" encoding="UTF-8"?>
<!-- Generated by org.testng.reporters.JUnitXMLReporter -->
<testsuite hostname="Digisol" ignored="0" name="Test" tests="3" failures="0" timestamp="2023-05-03T23:46:13 IST" time="0.034" errors="0">
  <testcase name="deleteTest" time="0.004" classname="com.practicePackage.DeleteTest"/>
  <testcase name="create" time="0.003" classname="com.practicePackage.CreateTest"/>
  <testcase name="login" time="0.004" classname="com.practicePackage.CreateTest"/>
</testsuite> <!-- Test -->
