<?xml version="1.0" encoding="UTF-8"?>
<!-- Generated by org.testng.reporters.JUnitXMLReporter -->
<testsuite hostname="Digisol" ignored="0" name="com.practicePackage" tests="10" failures="0" timestamp="2023-01-26T10:40:59 IST" time="0.19" errors="0">
  <testcase name="test" time="0.014" classname="com.practicePackage.CMDExecution"/>
  <testcase name="create" time="0.014" classname="com.practicePackage.CreateTest"/>
  <testcase name="login" time="0.015" classname="com.practicePackage.CreateTest"/>
  <testcase name="deleteTest" time="0.004" classname="com.practicePackage.DeleteTest"/>
  <testcase name="manageAnimals" time="0.003" classname="com.practicePackage.ManageAnimalsTest"/>
  <testcase name="newTest" time="0.002" classname="com.practicePackage.NewTest"/>
  <testcase name="newTest2" time="0.003" classname="com.practicePackage.NewTest"/>
  <testcase name="xyz" time="0.006" classname="com.practicePackage.NewTest"/>
  <testcase name="logout" time="0.002" classname="com.practicePackage.Update"/>
  <testcase name="updateTest" time="0.002" classname="com.practicePackage.Update"/>
</testsuite> <!-- com.practicePackage -->
